<?xml version="1.0" encoding="UTF-8"?>
<testsuite xmlns:xsi="http://www.w3.org/2001/XMLSchema-instance" xsi:noNamespaceSchemaLocation="https://maven.apache.org/surefire/maven-surefire-plugin/xsd/surefire-test-report-3.0.xsd" version="3.0" name="org.lebastudios.theroundtable.database.DatabaseTest" time="2.284" tests="3" errors="0" skipped="0" failures="0">
  <properties>
[...]
</properties>
  <testcase name="getInstance" classname="org.lebastudios.theroundtable.database.DatabaseTest" time="2.259">
    <system-out><![CDATA[2024-10-11 10:43:54 [main] INFO  org.hibernate.Version - HHH000412: Hibernate ORM core version 6.5.2.Final
2024-10-11 10:43:54 [main] INFO  o.h.c.i.RegionFactoryInitiator - HHH000026: Second-level cache disabled
2024-10-11 10:43:54 [main] INFO  com.zaxxer.hikari.HikariDataSource - HikariPool-1 - Starting...
2024-10-11 10:43:54 [main] INFO  com.zaxxer.hikari.HikariDataSource - HikariPool-1 - Start completed.
]]></system-out>
  </testcase>
  <testcase name="connectTransaction" classname="org.lebastudios.theroundtable.database.DatabaseTest" time="0.001"/>
  <testcase name="connectQuery" classname="org.lebastudios.theroundtable.database.DatabaseTest" time="0.001"/>
</testsuite>